<?xml version="1.0" encoding="UTF-8"?>
<!-- Generated by org.testng.reporters.JUnitXMLReporter -->
<testsuite ignored="0" hostname="DESKTOP-6AADNES" failures="1" tests="2" name="OpenCart on Chrome" time="9.699" errors="0" timestamp="2025-08-19T15:00:43 IST">
  <testcase classname="pack1.Lab9" name="setUp" time="1.182"/>
  <testcase classname="pack1.Lab9" name="testLab3AndLab4Flow" time="0.999">
    <failure type="java.lang.AssertionError" message="Title should contain &amp;apos;Your Store&amp;apos; expected [true] but found [false]">
      <![CDATA[java.lang.AssertionError: Title should contain 'Your Store' expected [true] but found [false]
at pack1.Lab9.testLab3AndLab4Flow(Lab9.java:43)
at java.base/java.util.ArrayList.forEach(ArrayList.java:1511)
... Removed 30 stack frames]]>
    </failure>
  </testcase> <!-- testLab3AndLab4Flow -->
</testsuite> <!-- OpenCart on Chrome -->
