<?xml version="1.0" encoding="UTF-8"?>
<testng-results ignored="0" total="3" passed="3" failed="0" skipped="0">
  <reporter-output>
  </reporter-output>
  <suite started-at="2025-08-22T22:55:50 IST" name="Default suite" finished-at="2025-08-22T22:56:40 IST" duration-ms="50740">
    <groups>
    </groups>
    <test started-at="2025-08-22T22:55:50 IST" name="Default test" finished-at="2025-08-22T22:56:40 IST" duration-ms="50740">
      <class name="pack1.Lab15_1">
        <test-method is-config="true" signature="beforeSuite()[pri:0, instance:pack1.Lab15_1@71075444]" started-at="2025-08-22T22:55:50 IST" name="beforeSuite" finished-at="2025-08-22T22:55:50 IST" duration-ms="14" status="PASS">
          <reporter-output>
          </reporter-output>
        </test-method> <!-- beforeSuite -->
        <test-method is-config="true" signature="beforeTest()[pri:0, instance:pack1.Lab15_1@71075444]" started-at="2025-08-22T22:55:50 IST" name="beforeTest" finished-at="2025-08-22T22:55:50 IST" duration-ms="0" status="PASS">
          <reporter-output>
          </reporter-output>
        </test-method> <!-- beforeTest -->
        <test-method is-config="true" signature="beforeClass()[pri:0, instance:pack1.Lab15_1@71075444]" started-at="2025-08-22T22:55:50 IST" name="beforeClass" finished-at="2025-08-22T22:55:50 IST" duration-ms="0" status="PASS">
          <reporter-output>
          </reporter-output>
        </test-method> <!-- beforeClass -->
        <test-method is-config="true" signature="beforeMethod()[pri:0, instance:pack1.Lab15_1@71075444]" started-at="2025-08-22T22:55:50 IST" name="beforeMethod" finished-at="2025-08-22T22:56:00 IST" duration-ms="10584" status="PASS">
          <reporter-output>
          </reporter-output>
        </test-method> <!-- beforeMethod -->
        <test-method signature="f(java.lang.String,java.lang.String)[pri:0, instance:pack1.Lab15_1@71075444]" started-at="2025-08-22T22:56:00 IST" name="f" data-provider="dp" finished-at="2025-08-22T22:56:06 IST" duration-ms="5805" status="PASS">
          <params>
            <param index="0">
              <value>
                <![CDATA[Admin]]>
              </value>
            </param>
            <param index="1">
              <value>
                <![CDATA[admin123]]>
              </value>
            </param>
          </params>
          <reporter-output>
          </reporter-output>
        </test-method> <!-- f -->
        <test-method is-config="true" signature="afterMethod()[pri:0, instance:pack1.Lab15_1@71075444]" started-at="2025-08-22T22:56:06 IST" name="afterMethod" finished-at="2025-08-22T22:56:06 IST" duration-ms="316" status="PASS">
          <reporter-output>
          </reporter-output>
        </test-method> <!-- afterMethod -->
        <test-method is-config="true" signature="beforeMethod()[pri:0, instance:pack1.Lab15_1@71075444]" started-at="2025-08-22T22:56:06 IST" name="beforeMethod" finished-at="2025-08-22T22:56:26 IST" duration-ms="19686" status="PASS">
          <reporter-output>
          </reporter-output>
        </test-method> <!-- beforeMethod -->
        <test-method signature="f(java.lang.String,java.lang.String)[pri:0, instance:pack1.Lab15_1@71075444]" started-at="2025-08-22T22:56:26 IST" name="f" data-provider="dp" finished-at="2025-08-22T22:56:29 IST" duration-ms="3359" status="PASS">
          <params>
            <param index="0">
              <value>
                <![CDATA[geeta]]>
              </value>
            </param>
            <param index="1">
              <value>
                <![CDATA[apple]]>
              </value>
            </param>
          </params>
          <reporter-output>
          </reporter-output>
        </test-method> <!-- f -->
        <test-method is-config="true" signature="afterMethod()[pri:0, instance:pack1.Lab15_1@71075444]" started-at="2025-08-22T22:56:29 IST" name="afterMethod" finished-at="2025-08-22T22:56:30 IST" duration-ms="297" status="PASS">
          <reporter-output>
          </reporter-output>
        </test-method> <!-- afterMethod -->
        <test-method is-config="true" signature="beforeMethod()[pri:0, instance:pack1.Lab15_1@71075444]" started-at="2025-08-22T22:56:30 IST" name="beforeMethod" finished-at="2025-08-22T22:56:36 IST" duration-ms="6230" status="PASS">
          <reporter-output>
          </reporter-output>
        </test-method> <!-- beforeMethod -->
        <test-method signature="f(java.lang.String,java.lang.String)[pri:0, instance:pack1.Lab15_1@71075444]" started-at="2025-08-22T22:56:36 IST" name="f" data-provider="dp" finished-at="2025-08-22T22:56:40 IST" duration-ms="4064" status="PASS">
          <params>
            <param index="0">
              <value>
                <![CDATA[hema]]>
              </value>
            </param>
            <param index="1">
              <value>
                <![CDATA[welcome]]>
              </value>
            </param>
          </params>
          <reporter-output>
          </reporter-output>
        </test-method> <!-- f -->
        <test-method is-config="true" signature="afterMethod()[pri:0, instance:pack1.Lab15_1@71075444]" started-at="2025-08-22T22:56:40 IST" name="afterMethod" finished-at="2025-08-22T22:56:40 IST" duration-ms="302" status="PASS">
          <reporter-output>
          </reporter-output>
        </test-method> <!-- afterMethod -->
        <test-method is-config="true" signature="afterClass()[pri:0, instance:pack1.Lab15_1@71075444]" started-at="2025-08-22T22:56:40 IST" name="afterClass" finished-at="2025-08-22T22:56:40 IST" duration-ms="2" status="PASS">
          <reporter-output>
          </reporter-output>
        </test-method> <!-- afterClass -->
        <test-method is-config="true" signature="afterTest()[pri:0, instance:pack1.Lab15_1@71075444]" started-at="2025-08-22T22:56:40 IST" name="afterTest" finished-at="2025-08-22T22:56:40 IST" duration-ms="2" status="PASS">
          <reporter-output>
          </reporter-output>
        </test-method> <!-- afterTest -->
        <test-method is-config="true" signature="afterSuite()[pri:0, instance:pack1.Lab15_1@71075444]" started-at="2025-08-22T22:56:40 IST" name="afterSuite" finished-at="2025-08-22T22:56:40 IST" duration-ms="0" status="PASS">
          <reporter-output>
          </reporter-output>
        </test-method> <!-- afterSuite -->
      </class> <!-- pack1.Lab15_1 -->
    </test> <!-- Default test -->
  </suite> <!-- Default suite -->
</testng-results>
